2016-11-27T15:39:31.818Z - info: File was existed in "E:\Work_House\Hack\gc\server\res\background_home.png"
2016-11-27T15:39:31.877Z - info: File was existed in "E:\Work_House\Hack\gc\server\res\editbox_small.png"
2016-11-27T15:39:31.895Z - info: File was existed in "E:\Work_House\Hack\gc\server\res\editbox_chat.png"
2016-11-27T15:39:31.907Z - info: File was existed in "E:\Work_House\Hack\gc\server\res\editbox_long.png"
2016-11-27T15:39:31.913Z - info: File was existed in "E:\Work_House\Hack\gc\server\res\img_btn_1.png"
2016-11-27T15:39:31.918Z - info: File was existed in "E:\Work_House\Hack\gc\server\res\img_btn_2.png"
2016-11-27T15:39:31.948Z - info: File was existed in "E:\Work_House\Hack\gc\server\res\btn_login_facebook.png"
2016-11-27T15:39:31.964Z - info: File was existed in "E:\Work_House\Hack\gc\server\res\img_cbox_bg.png"
2016-11-27T15:39:31.968Z - info: File was existed in "E:\Work_House\Hack\gc\server\res\img_cbox_tick.png"
2016-11-27T15:39:34.105Z - info: File was existed in "E:\Work_House\Hack\gc\server\res\box_chat_output.png"
2016-11-27T15:39:34.111Z - info: File was existed in "E:\Work_House\Hack\gc\server\res\box_chat_input.png"
2016-11-27T15:39:34.120Z - info: File was existed in "E:\Work_House\Hack\gc\server\res\choose_tab_chat.png"
2016-11-27T15:39:34.125Z - info: File was existed in "E:\Work_House\Hack\gc\server\res\btn_send_chat.png"
2016-11-27T15:39:34.141Z - info: File was existed in "E:\Work_House\Hack\gc\server\res\btn_show_emo.png"
2016-11-27T15:39:34.147Z - info: File was existed in "E:\Work_House\Hack\gc\server\res\btn_show_text.png"
2016-11-27T15:39:34.296Z - info: File was existed in "E:\Work_House\Hack\gc\server\res\box_chat_emo.png"
2016-11-27T15:39:34.342Z - info: File was existed in "E:\Work_House\Hack\gc\server\res\emo0_1.png"
2016-11-27T15:39:34.407Z - info: File was existed in "E:\Work_House\Hack\gc\server\res\emo1_1.png"
2016-11-27T15:39:34.508Z - info: File was existed in "E:\Work_House\Hack\gc\server\res\emo2_1.png"
2016-11-27T15:39:34.680Z - info: File was existed in "E:\Work_House\Hack\gc\server\res\emo3_1.png"
2016-11-27T15:39:34.731Z - info: File was existed in "E:\Work_House\Hack\gc\server\res\emo4_1.png"
2016-11-27T15:39:34.874Z - info: File was existed in "E:\Work_House\Hack\gc\server\res\emo5_1.png"
2016-11-27T15:39:34.908Z - info: File was existed in "E:\Work_House\Hack\gc\server\res\emo6_1.png"
2016-11-27T15:39:35.037Z - info: File was existed in "E:\Work_House\Hack\gc\server\res\emo7_1.png"
2016-11-27T15:39:35.086Z - info: File was existed in "E:\Work_House\Hack\gc\server\res\emo8_1.png"
2016-11-27T15:39:35.214Z - info: File was existed in "E:\Work_House\Hack\gc\server\res\emo9_1.png"
2016-11-27T15:39:35.252Z - info: File was existed in "E:\Work_House\Hack\gc\server\res\emo10_1.png"
2016-11-27T15:39:35.298Z - info: File was existed in "E:\Work_House\Hack\gc\server\res\emo11_1.png"
2016-11-27T15:39:35.309Z - info: File was existed in "E:\Work_House\Hack\gc\server\res\emo12_1.png"
2016-11-27T15:39:35.381Z - info: File was existed in "E:\Work_House\Hack\gc\server\res\emo13_1.png"
2016-11-27T15:39:35.387Z - info: File was existed in "E:\Work_House\Hack\gc\server\res\emo14_1.png"
2016-11-27T15:39:35.447Z - info: File was existed in "E:\Work_House\Hack\gc\server\res\emo15_1.png"
2016-11-27T15:39:35.455Z - info: File was existed in "E:\Work_House\Hack\gc\server\res\emo16_1.png"
2016-11-27T15:39:35.467Z - info: File was existed in "E:\Work_House\Hack\gc\server\res\emo17_1.png"
2016-11-27T15:39:35.476Z - info: File was existed in "E:\Work_House\Hack\gc\server\res\emo18_1.png"
2016-11-27T15:39:35.499Z - info: File was existed in "E:\Work_House\Hack\gc\server\res\emo19_1.png"
2016-11-27T15:39:35.505Z - info: File was existed in "E:\Work_House\Hack\gc\server\res\emo20_1.png"
2016-11-27T15:39:35.535Z - info: File was existed in "E:\Work_House\Hack\gc\server\res\emo21_1.png"
2016-11-27T15:39:35.554Z - info: File was existed in "E:\Work_House\Hack\gc\server\res\emo22_1.png"
2016-11-27T15:39:35.563Z - info: File was existed in "E:\Work_House\Hack\gc\server\res\emo23_1.png"
2016-11-27T15:39:35.588Z - info: File was existed in "E:\Work_House\Hack\gc\server\res\emo24_1.png"
2016-11-27T15:39:35.598Z - info: File was existed in "E:\Work_House\Hack\gc\server\res\emo25_1.png"
2016-11-27T15:39:35.616Z - info: File was existed in "E:\Work_House\Hack\gc\server\res\emo26_1.png"
2016-11-27T15:39:35.674Z - info: File was existed in "E:\Work_House\Hack\gc\server\res\emo27_1.png"
2016-11-27T15:39:35.701Z - info: File was existed in "E:\Work_House\Hack\gc\server\res\box_quick_text.png"
2016-11-27T15:39:35.737Z - info: File was existed in "E:\Work_House\Hack\gc\server\res\background_bets_box.png"
2016-11-27T15:39:35.740Z - info: File was existed in "E:\Work_House\Hack\gc\server\res\font.png"
2016-11-27T15:39:35.746Z - info: File was existed in "E:\Work_House\Hack\gc\server\res\img_av_default.png"
2016-11-27T15:39:35.784Z - info: File was existed in "E:\Work_House\Hack\gc\server\res\ico_vip0.png"
2016-11-27T15:39:35.798Z - info: File was existed in "E:\Work_House\Hack\gc\server\res\img_btn_3.png"
2016-11-27T15:39:35.835Z - info: File was existed in "E:\Work_House\Hack\gc\server\res\status_mail0.png"
2016-11-27T15:39:35.839Z - info: File was existed in "E:\Work_House\Hack\gc\server\res\img_balance_gold_bg.png"
2016-11-27T15:39:35.849Z - info: File was existed in "E:\Work_House\Hack\gc\server\res\img_balance_chip_bg.png"
2016-11-27T15:39:35.852Z - info: File was existed in "E:\Work_House\Hack\gc\server\res\box_custom_top.png"
2016-11-27T15:39:35.867Z - info: File was existed in "E:\Work_House\Hack\gc\server\res\box_custom_bot.png"
2016-11-27T15:39:35.869Z - info: File was existed in "E:\Work_House\Hack\gc\server\res\img_process_1.png"
2016-11-27T15:39:35.880Z - info: File was existed in "E:\Work_House\Hack\gc\server\res\img_process_2.png"
2016-11-27T15:39:35.889Z - info: File was existed in "E:\Work_House\Hack\gc\server\res\img_process_3.png"
2016-11-27T15:39:35.945Z - info: File was existed in "E:\Work_House\Hack\gc\server\res\img_process_4.png"
2016-11-27T15:39:35.972Z - info: File was existed in "E:\Work_House\Hack\gc\server\res\img_process_5.png"
2016-11-27T15:39:35.998Z - info: File was existed in "E:\Work_House\Hack\gc\server\res\img_process_6.png"
2016-11-27T15:39:36.010Z - info: File was existed in "E:\Work_House\Hack\gc\server\res\img_process_7.png"
2016-11-27T15:39:36.013Z - info: File was existed in "E:\Work_House\Hack\gc\server\res\img_process_8.png"
2016-11-27T15:39:36.051Z - info: File was existed in "E:\Work_House\Hack\gc\server\res\img_process_9.png"
2016-11-27T15:39:36.088Z - info: File was existed in "E:\Work_House\Hack\gc\server\res\img_process_10.png"
2016-11-27T15:39:36.104Z - info: File was existed in "E:\Work_House\Hack\gc\server\res\img_process_11.png"
2016-11-27T15:39:36.122Z - info: File was existed in "E:\Work_House\Hack\gc\server\res\img_process_12.png"
2016-11-27T15:39:36.137Z - info: File was existed in "E:\Work_House\Hack\gc\server\res\img_process_13.png"
2016-11-27T15:39:36.139Z - info: File was existed in "E:\Work_House\Hack\gc\server\res\img_process_14.png"
2016-11-27T15:39:36.153Z - info: File was existed in "E:\Work_House\Hack\gc\server\res\img_process_15.png"
2016-11-27T15:39:36.165Z - info: File was existed in "E:\Work_House\Hack\gc\server\res\img_process_16.png"
2016-11-27T15:39:36.175Z - info: File was existed in "E:\Work_House\Hack\gc\server\res\box_custom_mid.png"
2016-11-27T15:39:36.185Z - info: File was existed in "E:\Work_House\Hack\gc\server\res\title_vip_detail.png"
2016-11-27T15:39:36.186Z - info: File was existed in "E:\Work_House\Hack\gc\server\res\ico_vip1.png"
2016-11-27T15:39:36.196Z - info: File was existed in "E:\Work_House\Hack\gc\server\res\blank_vip_detail.png"
2016-11-27T15:39:36.200Z - info: File was existed in "E:\Work_House\Hack\gc\server\res\stroke_vip_bar.png"
2016-11-27T15:39:36.213Z - info: File was existed in "E:\Work_House\Hack\gc\server\res\vip_bar.png"
2016-11-27T15:39:36.227Z - info: File was existed in "E:\Work_House\Hack\gc\server\res\box_detail_vip.png"
2016-11-27T15:39:36.231Z - info: File was existed in "E:\Work_House\Hack\gc\server\res\button_detail_vip1.png"
2016-11-27T15:39:36.244Z - info: File was existed in "E:\Work_House\Hack\gc\server\res\button_detail_vip2.png"
2016-11-27T15:39:36.265Z - info: File was existed in "E:\Work_House\Hack\gc\server\res\ico_vip11.png"
2016-11-27T15:39:36.287Z - info: File was existed in "E:\Work_House\Hack\gc\server\res\img_charge_chip_icon.png"
2016-11-27T15:39:36.301Z - info: File was existed in "E:\Work_House\Hack\gc\server\res\ico_vip_baner.png"
2016-11-27T15:39:36.315Z - info: File was existed in "E:\Work_House\Hack\gc\server\res\box_vip_notice.png"
2016-11-27T15:43:04.103Z - info: File was existed in "E:\Work_House\Hack\gc\server\res\background_home.png"
2016-11-27T15:43:04.140Z - info: File was existed in "E:\Work_House\Hack\gc\server\res\editbox_small.png"
2016-11-27T15:43:04.141Z - info: File was existed in "E:\Work_House\Hack\gc\server\res\editbox_chat.png"
2016-11-27T15:43:04.156Z - info: File was existed in "E:\Work_House\Hack\gc\server\res\editbox_long.png"
2016-11-27T15:43:04.160Z - info: File was existed in "E:\Work_House\Hack\gc\server\res\img_btn_1.png"
2016-11-27T15:43:04.167Z - info: File was existed in "E:\Work_House\Hack\gc\server\res\img_btn_2.png"
2016-11-27T15:43:04.173Z - info: File was existed in "E:\Work_House\Hack\gc\server\res\btn_login_facebook.png"
2016-11-27T15:43:04.182Z - info: File was existed in "E:\Work_House\Hack\gc\server\res\img_cbox_bg.png"
2016-11-27T15:43:04.186Z - info: File was existed in "E:\Work_House\Hack\gc\server\res\img_cbox_tick.png"
2016-11-27T15:43:05.915Z - info: File was existed in "E:\Work_House\Hack\gc\server\res\box_chat_output.png"
2016-11-27T15:43:05.920Z - info: File was existed in "E:\Work_House\Hack\gc\server\res\box_chat_input.png"
2016-11-27T15:43:05.933Z - info: File was existed in "E:\Work_House\Hack\gc\server\res\choose_tab_chat.png"
2016-11-27T15:43:05.942Z - info: File was existed in "E:\Work_House\Hack\gc\server\res\btn_show_emo.png"
2016-11-27T15:43:05.948Z - info: File was existed in "E:\Work_House\Hack\gc\server\res\btn_show_text.png"
2016-11-27T15:43:05.951Z - info: File was existed in "E:\Work_House\Hack\gc\server\res\btn_send_chat.png"
2016-11-27T15:43:05.963Z - info: File was existed in "E:\Work_House\Hack\gc\server\res\box_chat_emo.png"
2016-11-27T15:43:05.970Z - info: File was existed in "E:\Work_House\Hack\gc\server\res\emo0_1.png"
2016-11-27T15:43:05.975Z - info: File was existed in "E:\Work_House\Hack\gc\server\res\emo1_1.png"
2016-11-27T15:43:05.991Z - info: File was existed in "E:\Work_House\Hack\gc\server\res\emo2_1.png"
2016-11-27T15:43:06.004Z - info: File was existed in "E:\Work_House\Hack\gc\server\res\emo3_1.png"
2016-11-27T15:43:06.005Z - info: File was existed in "E:\Work_House\Hack\gc\server\res\emo4_1.png"
2016-11-27T15:43:06.015Z - info: File was existed in "E:\Work_House\Hack\gc\server\res\emo5_1.png"
2016-11-27T15:43:06.017Z - info: File was existed in "E:\Work_House\Hack\gc\server\res\emo6_1.png"
2016-11-27T15:43:06.022Z - info: File was existed in "E:\Work_House\Hack\gc\server\res\emo7_1.png"
2016-11-27T15:43:06.033Z - info: File was existed in "E:\Work_House\Hack\gc\server\res\emo8_1.png"
2016-11-27T15:43:06.051Z - info: File was existed in "E:\Work_House\Hack\gc\server\res\emo9_1.png"
2016-11-27T15:43:06.053Z - info: File was existed in "E:\Work_House\Hack\gc\server\res\emo10_1.png"
2016-11-27T15:43:06.080Z - info: File was existed in "E:\Work_House\Hack\gc\server\res\emo11_1.png"
2016-11-27T15:43:06.083Z - info: File was existed in "E:\Work_House\Hack\gc\server\res\emo12_1.png"
2016-11-27T15:43:06.086Z - info: File was existed in "E:\Work_House\Hack\gc\server\res\emo13_1.png"
2016-11-27T15:43:06.098Z - info: File was existed in "E:\Work_House\Hack\gc\server\res\emo14_1.png"
2016-11-27T15:43:06.114Z - info: File was existed in "E:\Work_House\Hack\gc\server\res\emo15_1.png"
2016-11-27T15:43:06.117Z - info: File was existed in "E:\Work_House\Hack\gc\server\res\emo16_1.png"
2016-11-27T15:43:06.142Z - info: File was existed in "E:\Work_House\Hack\gc\server\res\emo17_1.png"
2016-11-27T15:43:06.145Z - info: File was existed in "E:\Work_House\Hack\gc\server\res\emo18_1.png"
2016-11-27T15:43:06.147Z - info: File was existed in "E:\Work_House\Hack\gc\server\res\emo19_1.png"
2016-11-27T15:43:06.162Z - info: File was existed in "E:\Work_House\Hack\gc\server\res\emo20_1.png"
2016-11-27T15:43:06.168Z - info: File was existed in "E:\Work_House\Hack\gc\server\res\emo21_1.png"
2016-11-27T15:43:06.169Z - info: File was existed in "E:\Work_House\Hack\gc\server\res\emo22_1.png"
2016-11-27T15:43:06.203Z - info: File was existed in "E:\Work_House\Hack\gc\server\res\emo23_1.png"
2016-11-27T15:43:06.204Z - info: File was existed in "E:\Work_House\Hack\gc\server\res\emo24_1.png"
2016-11-27T15:43:06.210Z - info: File was existed in "E:\Work_House\Hack\gc\server\res\emo25_1.png"
2016-11-27T15:43:06.221Z - info: File was existed in "E:\Work_House\Hack\gc\server\res\emo26_1.png"
2016-11-27T15:43:06.231Z - info: File was existed in "E:\Work_House\Hack\gc\server\res\emo27_1.png"
2016-11-27T15:43:06.235Z - info: File was existed in "E:\Work_House\Hack\gc\server\res\box_quick_text.png"
2016-11-27T15:43:06.273Z - info: File was existed in "E:\Work_House\Hack\gc\server\res\background_bets_box.png"
2016-11-27T15:43:06.280Z - info: File was existed in "E:\Work_House\Hack\gc\server\res\font.png"
2016-11-27T15:43:06.288Z - info: File was existed in "E:\Work_House\Hack\gc\server\res\img_av_default.png"
2016-11-27T15:43:06.299Z - info: File was existed in "E:\Work_House\Hack\gc\server\res\ico_vip0.png"
2016-11-27T15:43:06.317Z - info: File was existed in "E:\Work_House\Hack\gc\server\res\status_mail0.png"
2016-11-27T15:43:06.319Z - info: File was existed in "E:\Work_House\Hack\gc\server\res\img_btn_3.png"
2016-11-27T15:43:06.335Z - info: File was existed in "E:\Work_House\Hack\gc\server\res\img_balance_gold_bg.png"
2016-11-27T15:43:06.337Z - info: File was existed in "E:\Work_House\Hack\gc\server\res\img_balance_chip_bg.png"
2016-11-27T15:43:06.349Z - info: File was existed in "E:\Work_House\Hack\gc\server\res\box_custom_top.png"
2016-11-27T15:43:06.351Z - info: File was existed in "E:\Work_House\Hack\gc\server\res\box_custom_bot.png"
2016-11-27T15:43:06.357Z - info: File was existed in "E:\Work_House\Hack\gc\server\res\img_process_1.png"
2016-11-27T15:43:06.362Z - info: File was existed in "E:\Work_House\Hack\gc\server\res\img_process_2.png"
2016-11-27T15:43:06.380Z - info: File was existed in "E:\Work_House\Hack\gc\server\res\img_process_3.png"
2016-11-27T15:43:06.382Z - info: File was existed in "E:\Work_House\Hack\gc\server\res\img_process_4.png"
2016-11-27T15:43:06.393Z - info: File was existed in "E:\Work_House\Hack\gc\server\res\img_process_5.png"
2016-11-27T15:43:06.395Z - info: File was existed in "E:\Work_House\Hack\gc\server\res\img_process_6.png"
2016-11-27T15:43:06.406Z - info: File was existed in "E:\Work_House\Hack\gc\server\res\img_process_7.png"
2016-11-27T15:43:06.411Z - info: File was existed in "E:\Work_House\Hack\gc\server\res\img_process_8.png"
2016-11-27T15:43:06.421Z - info: File was existed in "E:\Work_House\Hack\gc\server\res\img_process_9.png"
2016-11-27T15:43:06.422Z - info: File was existed in "E:\Work_House\Hack\gc\server\res\img_process_10.png"
2016-11-27T15:43:06.434Z - info: File was existed in "E:\Work_House\Hack\gc\server\res\img_process_11.png"
2016-11-27T15:43:06.435Z - info: File was existed in "E:\Work_House\Hack\gc\server\res\img_process_12.png"
2016-11-27T15:43:06.447Z - info: File was existed in "E:\Work_House\Hack\gc\server\res\img_process_13.png"
2016-11-27T15:43:06.456Z - info: File was existed in "E:\Work_House\Hack\gc\server\res\img_process_14.png"
2016-11-27T15:43:06.469Z - info: File was existed in "E:\Work_House\Hack\gc\server\res\img_process_15.png"
2016-11-27T15:43:06.471Z - info: File was existed in "E:\Work_House\Hack\gc\server\res\img_process_16.png"
2016-11-27T15:43:06.515Z - info: File was existed in "E:\Work_House\Hack\gc\server\res\box_custom_mid.png"
2016-11-27T15:43:06.519Z - info: File was existed in "E:\Work_House\Hack\gc\server\res\title_vip_detail.png"
2016-11-27T15:43:06.531Z - info: File was existed in "E:\Work_House\Hack\gc\server\res\ico_vip1.png"
2016-11-27T15:43:06.536Z - info: File was existed in "E:\Work_House\Hack\gc\server\res\blank_vip_detail.png"
2016-11-27T15:43:06.547Z - info: File was existed in "E:\Work_House\Hack\gc\server\res\stroke_vip_bar.png"
2016-11-27T15:43:06.553Z - info: File was existed in "E:\Work_House\Hack\gc\server\res\vip_bar.png"
2016-11-27T15:43:06.567Z - info: File was existed in "E:\Work_House\Hack\gc\server\res\box_detail_vip.png"
2016-11-27T15:43:06.569Z - info: File was existed in "E:\Work_House\Hack\gc\server\res\button_detail_vip1.png"
2016-11-27T15:43:06.582Z - info: File was existed in "E:\Work_House\Hack\gc\server\res\button_detail_vip2.png"
2016-11-27T15:43:06.588Z - info: File was existed in "E:\Work_House\Hack\gc\server\res\ico_vip11.png"
2016-11-27T15:43:06.598Z - info: File was existed in "E:\Work_House\Hack\gc\server\res\img_charge_chip_icon.png"
2016-11-27T15:43:06.600Z - info: File was existed in "E:\Work_House\Hack\gc\server\res\ico_vip_baner.png"
2016-11-27T15:43:06.605Z - info: File was existed in "E:\Work_House\Hack\gc\server\res\box_vip_notice.png"
2016-11-27T15:43:09.773Z - info: File was existed in "E:\Work_House\Hack\gc\server\res\background_main.png"
2016-11-27T15:43:09.775Z - info: File was existed in "E:\Work_House\Hack\gc\server\res\main_top_bg.png"
2016-11-27T15:43:09.776Z - info: File was existed in "E:\Work_House\Hack\gc\server\res\btn_game_logout.png"
2016-11-27T15:43:09.782Z - info: File was existed in "E:\Work_House\Hack\gc\server\res\btn_add_balance_chip.png"
2016-11-27T15:43:09.785Z - info: File was existed in "E:\Work_House\Hack\gc\server\res\btn_add_balance_gold.png"
2016-11-27T15:43:09.796Z - info: File was existed in "E:\Work_House\Hack\gc\server\res\img_av0.png"
2016-11-27T15:43:09.837Z - info: File was existed in "E:\Work_House\Hack\gc\server\res\btn_game_mail.png"
2016-11-27T15:43:09.840Z - info: File was existed in "E:\Work_House\Hack\gc\server\res\notifi_mail.png"
2016-11-27T15:43:09.845Z - info: File was existed in "E:\Work_House\Hack\gc\server\res\btn_game_notice.png"
2016-11-27T15:43:09.908Z - info: File was existed in "E:\Work_House\Hack\gc\server\res\btn_game_setting.png"
2016-11-27T15:43:09.919Z - info: File was existed in "E:\Work_House\Hack\gc\server\res\btn_change_gift.png"
2016-11-27T15:43:09.930Z - info: File was existed in "E:\Work_House\Hack\gc\server\res\btn_game_facebook.png"
2016-11-27T15:43:09.938Z - info: File was existed in "E:\Work_House\Hack\gc\server\res\btn_game_facebook_p.png"
2016-11-27T15:43:09.943Z - info: File was existed in "E:\Work_House\Hack\gc\server\res\btn_game_top.png"
2016-11-27T15:43:09.951Z - info: File was existed in "E:\Work_House\Hack\gc\server\res\btn_game_top_p.png"
2016-11-27T15:43:09.980Z - info: File was existed in "E:\Work_House\Hack\gc\server\res\btn_game_purchase.png"
2016-11-27T15:43:10.002Z - info: File was existed in "E:\Work_House\Hack\gc\server\res\btn_game_purchase_p.png"
2016-11-27T15:43:10.011Z - info: File was existed in "E:\Work_House\Hack\gc\server\res\btn_game_friend.png"
2016-11-27T15:43:10.015Z - info: File was existed in "E:\Work_House\Hack\gc\server\res\btn_game_friend_p.png"
2016-11-27T15:43:10.021Z - info: File was existed in "E:\Work_House\Hack\gc\server\res\img_main_arrow.png"
2016-11-27T15:43:10.041Z - info: File was existed in "E:\Work_House\Hack\gc\server\res\btn_game_gift.png"
2016-11-27T15:43:10.069Z - info: File was existed in "E:\Work_House\Hack\gc\server\res\btn_game_gift_p.png"
2016-11-27T15:43:13.266Z - info: File was existed in "E:\Work_House\Hack\gc\server\res\img_games_c_11.png"
2016-11-27T15:43:13.268Z - info: File was existed in "E:\Work_House\Hack\gc\server\res\img_games_c_19.png"
2016-11-27T15:43:13.277Z - info: File was existed in "E:\Work_House\Hack\gc\server\res\img_games_c_13.png"
2016-11-27T15:43:13.279Z - info: File was existed in "E:\Work_House\Hack\gc\server\res\img_games_c_1.png"
2016-11-27T15:43:13.282Z - info: File was existed in "E:\Work_House\Hack\gc\server\res\img_commingsoon.png"
2016-11-27T15:43:13.285Z - info: File was existed in "E:\Work_House\Hack\gc\server\res\img_games_2.png"
2016-11-27T15:43:13.355Z - info: File was existed in "E:\Work_House\Hack\gc\server\res\img_games_9.png"
2016-11-27T15:43:13.358Z - info: File was existed in "E:\Work_House\Hack\gc\server\res\img_games_c_15.png"
2016-11-27T15:43:13.362Z - info: File was existed in "E:\Work_House\Hack\gc\server\res\img_games_c_12.png"
2016-11-27T15:43:13.372Z - info: File was existed in "E:\Work_House\Hack\gc\server\res\img_games_17.png"
2016-11-27T15:43:13.392Z - info: File was existed in "E:\Work_House\Hack\gc\server\res\img_games_c_10.png"
2016-11-27T15:43:13.395Z - info: File was existed in "E:\Work_House\Hack\gc\server\res\img_games_16.png"
2016-11-27T16:00:16.769Z - info: File was existed in "E:\Work_House\Hack\gc\server\res\img_btn_back.png"
2016-11-27T16:00:16.772Z - info: File was existed in "E:\Work_House\Hack\gc\server\res\img_mode_0.png"
2016-11-27T16:00:16.776Z - info: File was existed in "E:\Work_House\Hack\gc\server\res\img_mode_1.png"
2016-11-27T16:00:16.790Z - info: File was existed in "E:\Work_House\Hack\gc\server\res\img_mode_2.png"
2016-11-27T16:00:20.585Z - info: File was existed in "E:\Work_House\Hack\gc\server\res\btn_game_play.png"
2016-11-27T16:00:20.587Z - info: File was existed in "E:\Work_House\Hack\gc\server\res\btn_game_play_p.png"
2016-11-27T16:00:21.734Z - info: File was existed in "E:\Work_House\Hack\gc\server\res\room_coin.png"
2016-11-27T16:00:26.179Z - info: Create folder "E:\Work_House\Hack\gc\server\res"
2016-11-27T16:00:26.223Z - info: Create folder "E:\Work_House\Hack\gc\server\res"
2016-11-27T16:00:26.235Z - info: Create folder "E:\Work_House\Hack\gc\server\res"
2016-11-27T16:00:26.238Z - info: Create folder "E:\Work_House\Hack\gc\server\res"
2016-11-27T16:00:26.240Z - info: Create folder "E:\Work_House\Hack\gc\server\res"
2016-11-27T16:00:26.246Z - info: Create folder "E:\Work_House\Hack\gc\server\res"
2016-11-27T16:00:26.807Z - info: File was downloaded from "http://s1.play.gemchip.com:8880/res/img_blank_bet_money_tcc.png" to "E:\Work_House\Hack\gc\server\res\img_blank_bet_money_tcc.png"
2016-11-27T16:00:26.820Z - info: File was downloaded from "http://s1.play.gemchip.com:8880/res/img_process_bet_money_tcc.png" to "E:\Work_House\Hack\gc\server\res\img_process_bet_money_tcc.png"
2016-11-27T16:00:26.824Z - info: File was downloaded from "http://s1.play.gemchip.com:8880/res/img_light.png" to "E:\Work_House\Hack\gc\server\res\img_light.png"
2016-11-27T16:00:26.825Z - info: File was existed in "E:\Work_House\Hack\gc\server\res\img_btn_setting.png"
2016-11-27T16:00:26.839Z - info: File was existed in "E:\Work_House\Hack\gc\server\res\icon_soundon.png"
2016-11-27T16:00:26.842Z - info: File was downloaded from "http://s1.play.gemchip.com:8880/res/box_bet_tcc.png" to "E:\Work_House\Hack\gc\server\res\box_bet_tcc.png"
2016-11-27T16:00:26.848Z - info: File was existed in "E:\Work_House\Hack\gc\server\res\icon_rule.png"
2016-11-27T16:00:26.855Z - info: File was existed in "E:\Work_House\Hack\gc\server\res\img_btn_chat.png"
2016-11-27T16:00:26.880Z - info: File was existed in "E:\Work_House\Hack\gc\server\res\btn_game_info.png"
2016-11-27T16:00:26.890Z - info: File was existed in "E:\Work_House\Hack\gc\server\res\btn_game_bottom.png"
2016-11-27T16:00:27.055Z - info: File was downloaded from "http://s1.play.gemchip.com:8880/res/btn_tcc_choose1.png" to "E:\Work_House\Hack\gc\server\res\btn_tcc_choose1.png"
2016-11-27T16:00:28.956Z - info: File was downloaded from "http://s1.play.gemchip.com:8880/res/img_table_bg_tcc_2.png" to "E:\Work_House\Hack\gc\server\res\img_table_bg_tcc_2.png"
2016-11-27T16:03:26.644Z - info: File was existed in "E:\Work_House\Hack\gc\server\res\background_home.png"
2016-11-27T16:03:26.695Z - info: File was existed in "E:\Work_House\Hack\gc\server\res\editbox_small.png"
2016-11-27T16:03:26.733Z - info: File was existed in "E:\Work_House\Hack\gc\server\res\editbox_chat.png"
2016-11-27T16:03:26.745Z - info: File was existed in "E:\Work_House\Hack\gc\server\res\editbox_long.png"
2016-11-27T16:03:26.757Z - info: File was existed in "E:\Work_House\Hack\gc\server\res\img_btn_1.png"
2016-11-27T16:03:26.761Z - info: File was existed in "E:\Work_House\Hack\gc\server\res\img_btn_2.png"
2016-11-27T16:03:26.773Z - info: File was existed in "E:\Work_House\Hack\gc\server\res\btn_login_facebook.png"
2016-11-27T16:03:26.783Z - info: File was existed in "E:\Work_House\Hack\gc\server\res\img_cbox_bg.png"
2016-11-27T16:03:26.788Z - info: File was existed in "E:\Work_House\Hack\gc\server\res\img_cbox_tick.png"
2016-11-27T16:03:32.044Z - info: File was existed in "E:\Work_House\Hack\gc\server\res\box_chat_output.png"
2016-11-27T16:03:32.054Z - info: File was existed in "E:\Work_House\Hack\gc\server\res\box_chat_input.png"
2016-11-27T16:03:32.060Z - info: File was existed in "E:\Work_House\Hack\gc\server\res\choose_tab_chat.png"
2016-11-27T16:03:32.073Z - info: File was existed in "E:\Work_House\Hack\gc\server\res\btn_show_emo.png"
2016-11-27T16:03:32.078Z - info: File was existed in "E:\Work_House\Hack\gc\server\res\btn_show_text.png"
2016-11-27T16:03:32.095Z - info: File was existed in "E:\Work_House\Hack\gc\server\res\btn_send_chat.png"
2016-11-27T16:03:32.103Z - info: File was existed in "E:\Work_House\Hack\gc\server\res\box_chat_emo.png"
2016-11-27T16:03:32.116Z - info: File was existed in "E:\Work_House\Hack\gc\server\res\emo0_1.png"
2016-11-27T16:03:32.125Z - info: File was existed in "E:\Work_House\Hack\gc\server\res\emo1_1.png"
2016-11-27T16:03:32.134Z - info: File was existed in "E:\Work_House\Hack\gc\server\res\emo2_1.png"
2016-11-27T16:03:32.135Z - info: File was existed in "E:\Work_House\Hack\gc\server\res\emo3_1.png"
2016-11-27T16:03:32.139Z - info: File was existed in "E:\Work_House\Hack\gc\server\res\emo4_1.png"
2016-11-27T16:03:32.153Z - info: File was existed in "E:\Work_House\Hack\gc\server\res\emo5_1.png"
2016-11-27T16:03:32.162Z - info: File was existed in "E:\Work_House\Hack\gc\server\res\emo6_1.png"
2016-11-27T16:03:32.170Z - info: File was existed in "E:\Work_House\Hack\gc\server\res\emo7_1.png"
2016-11-27T16:03:32.187Z - info: File was existed in "E:\Work_House\Hack\gc\server\res\emo8_1.png"
2016-11-27T16:03:32.190Z - info: File was existed in "E:\Work_House\Hack\gc\server\res\emo9_1.png"
2016-11-27T16:03:32.196Z - info: File was existed in "E:\Work_House\Hack\gc\server\res\emo10_1.png"
2016-11-27T16:03:32.530Z - info: File was existed in "E:\Work_House\Hack\gc\server\res\emo11_1.png"
2016-11-27T16:03:32.540Z - info: File was existed in "E:\Work_House\Hack\gc\server\res\emo12_1.png"
2016-11-27T16:03:32.553Z - info: File was existed in "E:\Work_House\Hack\gc\server\res\emo13_1.png"
2016-11-27T16:03:32.559Z - info: File was existed in "E:\Work_House\Hack\gc\server\res\emo14_1.png"
2016-11-27T16:03:32.568Z - info: File was existed in "E:\Work_House\Hack\gc\server\res\emo15_1.png"
2016-11-27T16:03:32.576Z - info: File was existed in "E:\Work_House\Hack\gc\server\res\emo16_1.png"
2016-11-27T16:03:32.582Z - info: File was existed in "E:\Work_House\Hack\gc\server\res\emo17_1.png"
2016-11-27T16:03:32.594Z - info: File was existed in "E:\Work_House\Hack\gc\server\res\emo18_1.png"
2016-11-27T16:03:32.599Z - info: File was existed in "E:\Work_House\Hack\gc\server\res\emo19_1.png"
2016-11-27T16:03:32.612Z - info: File was existed in "E:\Work_House\Hack\gc\server\res\emo20_1.png"
2016-11-27T16:03:32.620Z - info: File was existed in "E:\Work_House\Hack\gc\server\res\emo21_1.png"
2016-11-27T16:03:32.624Z - info: File was existed in "E:\Work_House\Hack\gc\server\res\emo22_1.png"
2016-11-27T16:03:32.630Z - info: File was existed in "E:\Work_House\Hack\gc\server\res\emo23_1.png"
2016-11-27T16:03:32.635Z - info: File was existed in "E:\Work_House\Hack\gc\server\res\emo24_1.png"
2016-11-27T16:03:32.644Z - info: File was existed in "E:\Work_House\Hack\gc\server\res\emo25_1.png"
2016-11-27T16:03:32.656Z - info: File was existed in "E:\Work_House\Hack\gc\server\res\emo26_1.png"
2016-11-27T16:03:32.660Z - info: File was existed in "E:\Work_House\Hack\gc\server\res\emo27_1.png"
2016-11-27T16:03:32.672Z - info: File was existed in "E:\Work_House\Hack\gc\server\res\box_quick_text.png"
2016-11-27T16:03:32.683Z - info: File was existed in "E:\Work_House\Hack\gc\server\res\background_bets_box.png"
2016-11-27T16:03:32.687Z - info: File was existed in "E:\Work_House\Hack\gc\server\res\font.png"
2016-11-27T16:03:32.699Z - info: File was existed in "E:\Work_House\Hack\gc\server\res\img_av_default.png"
2016-11-27T16:03:32.705Z - info: File was existed in "E:\Work_House\Hack\gc\server\res\ico_vip0.png"
2016-11-27T16:03:32.713Z - info: File was existed in "E:\Work_House\Hack\gc\server\res\status_mail0.png"
2016-11-27T16:03:32.727Z - info: File was existed in "E:\Work_House\Hack\gc\server\res\img_btn_3.png"
2016-11-27T16:03:32.739Z - info: File was existed in "E:\Work_House\Hack\gc\server\res\img_balance_gold_bg.png"
2016-11-27T16:03:32.741Z - info: File was existed in "E:\Work_House\Hack\gc\server\res\img_balance_chip_bg.png"
2016-11-27T16:03:32.744Z - info: File was existed in "E:\Work_House\Hack\gc\server\res\box_custom_top.png"
2016-11-27T16:03:32.750Z - info: File was existed in "E:\Work_House\Hack\gc\server\res\box_custom_bot.png"
2016-11-27T16:03:32.752Z - info: File was existed in "E:\Work_House\Hack\gc\server\res\img_process_1.png"
2016-11-27T16:03:32.777Z - info: File was existed in "E:\Work_House\Hack\gc\server\res\img_process_2.png"
2016-11-27T16:03:32.777Z - info: File was existed in "E:\Work_House\Hack\gc\server\res\img_process_3.png"
2016-11-27T16:03:32.795Z - info: File was existed in "E:\Work_House\Hack\gc\server\res\img_process_4.png"
2016-11-27T16:03:32.811Z - info: File was existed in "E:\Work_House\Hack\gc\server\res\img_process_5.png"
2016-11-27T16:03:32.812Z - info: File was existed in "E:\Work_House\Hack\gc\server\res\img_process_6.png"
2016-11-27T16:03:32.824Z - info: File was existed in "E:\Work_House\Hack\gc\server\res\img_process_7.png"
2016-11-27T16:03:32.837Z - info: File was existed in "E:\Work_House\Hack\gc\server\res\img_process_8.png"
2016-11-27T16:03:32.842Z - info: File was existed in "E:\Work_House\Hack\gc\server\res\img_process_9.png"
2016-11-27T16:03:32.847Z - info: File was existed in "E:\Work_House\Hack\gc\server\res\img_process_10.png"
2016-11-27T16:03:32.857Z - info: File was existed in "E:\Work_House\Hack\gc\server\res\img_process_11.png"
2016-11-27T16:03:32.859Z - info: File was existed in "E:\Work_House\Hack\gc\server\res\img_process_12.png"
2016-11-27T16:03:32.864Z - info: File was existed in "E:\Work_House\Hack\gc\server\res\img_process_13.png"
2016-11-27T16:03:32.876Z - info: File was existed in "E:\Work_House\Hack\gc\server\res\img_process_14.png"
2016-11-27T16:03:32.889Z - info: File was existed in "E:\Work_House\Hack\gc\server\res\img_process_15.png"
2016-11-27T16:03:32.895Z - info: File was existed in "E:\Work_House\Hack\gc\server\res\img_process_16.png"
2016-11-27T16:03:32.915Z - info: File was existed in "E:\Work_House\Hack\gc\server\res\box_custom_mid.png"
2016-11-27T16:03:32.917Z - info: File was existed in "E:\Work_House\Hack\gc\server\res\title_vip_detail.png"
2016-11-27T16:03:32.927Z - info: File was existed in "E:\Work_House\Hack\gc\server\res\ico_vip1.png"
2016-11-27T16:03:32.933Z - info: File was existed in "E:\Work_House\Hack\gc\server\res\blank_vip_detail.png"
2016-11-27T16:03:32.941Z - info: File was existed in "E:\Work_House\Hack\gc\server\res\stroke_vip_bar.png"
2016-11-27T16:03:32.945Z - info: File was existed in "E:\Work_House\Hack\gc\server\res\vip_bar.png"
2016-11-27T16:03:32.950Z - info: File was existed in "E:\Work_House\Hack\gc\server\res\box_detail_vip.png"
2016-11-27T16:03:32.954Z - info: File was existed in "E:\Work_House\Hack\gc\server\res\button_detail_vip1.png"
2016-11-27T16:03:32.962Z - info: File was existed in "E:\Work_House\Hack\gc\server\res\button_detail_vip2.png"
2016-11-27T16:03:32.963Z - info: File was existed in "E:\Work_House\Hack\gc\server\res\ico_vip11.png"
2016-11-27T16:03:32.972Z - info: File was existed in "E:\Work_House\Hack\gc\server\res\img_charge_chip_icon.png"
2016-11-27T16:03:32.974Z - info: File was existed in "E:\Work_House\Hack\gc\server\res\ico_vip_baner.png"
2016-11-27T16:03:32.981Z - info: File was existed in "E:\Work_House\Hack\gc\server\res\box_vip_notice.png"
2016-11-27T16:03:47.883Z - info: File was existed in "E:\Work_House\Hack\gc\server\res\background_main.png"
2016-11-27T16:03:47.894Z - info: File was existed in "E:\Work_House\Hack\gc\server\res\main_top_bg.png"
2016-11-27T16:03:47.908Z - info: File was existed in "E:\Work_House\Hack\gc\server\res\btn_game_logout.png"
2016-11-27T16:03:47.912Z - info: File was existed in "E:\Work_House\Hack\gc\server\res\img_av0.png"
2016-11-27T16:03:47.926Z - info: File was existed in "E:\Work_House\Hack\gc\server\res\btn_add_balance_chip.png"
2016-11-27T16:03:47.934Z - info: File was existed in "E:\Work_House\Hack\gc\server\res\btn_add_balance_gold.png"
2016-11-27T16:03:47.945Z - info: File was existed in "E:\Work_House\Hack\gc\server\res\btn_game_mail.png"
2016-11-27T16:03:47.956Z - info: File was existed in "E:\Work_House\Hack\gc\server\res\notifi_mail.png"
2016-11-27T16:03:47.957Z - info: File was existed in "E:\Work_House\Hack\gc\server\res\btn_game_notice.png"
2016-11-27T16:03:47.970Z - info: File was existed in "E:\Work_House\Hack\gc\server\res\btn_game_setting.png"
2016-11-27T16:03:47.980Z - info: File was existed in "E:\Work_House\Hack\gc\server\res\btn_change_gift.png"
2016-11-27T16:03:47.992Z - info: File was existed in "E:\Work_House\Hack\gc\server\res\btn_game_facebook.png"
2016-11-27T16:03:47.996Z - info: File was existed in "E:\Work_House\Hack\gc\server\res\btn_game_facebook_p.png"
2016-11-27T16:03:48.009Z - info: File was existed in "E:\Work_House\Hack\gc\server\res\btn_game_top.png"
2016-11-27T16:03:48.011Z - info: File was existed in "E:\Work_House\Hack\gc\server\res\btn_game_top_p.png"
2016-11-27T16:03:48.021Z - info: File was existed in "E:\Work_House\Hack\gc\server\res\btn_game_purchase.png"
2016-11-27T16:03:48.030Z - info: File was existed in "E:\Work_House\Hack\gc\server\res\btn_game_purchase_p.png"
2016-11-27T16:03:48.037Z - info: File was existed in "E:\Work_House\Hack\gc\server\res\btn_game_friend.png"
2016-11-27T16:03:48.044Z - info: File was existed in "E:\Work_House\Hack\gc\server\res\btn_game_friend_p.png"
2016-11-27T16:03:48.089Z - info: File was existed in "E:\Work_House\Hack\gc\server\res\img_main_arrow.png"
2016-11-27T16:03:48.099Z - info: File was existed in "E:\Work_House\Hack\gc\server\res\btn_game_gift.png"
2016-11-27T16:03:48.110Z - info: File was existed in "E:\Work_House\Hack\gc\server\res\btn_game_gift_p.png"
2016-11-27T16:03:49.568Z - info: File was existed in "E:\Work_House\Hack\gc\server\res\img_commingsoon.png"
2016-11-27T16:03:49.578Z - info: File was existed in "E:\Work_House\Hack\gc\server\res\img_games_c_11.png"
2016-11-27T16:03:49.590Z - info: File was existed in "E:\Work_House\Hack\gc\server\res\img_games_c_19.png"
2016-11-27T16:03:49.595Z - info: File was existed in "E:\Work_House\Hack\gc\server\res\img_games_c_13.png"
2016-11-27T16:03:49.606Z - info: File was existed in "E:\Work_House\Hack\gc\server\res\img_games_c_1.png"
2016-11-27T16:03:49.611Z - info: File was existed in "E:\Work_House\Hack\gc\server\res\img_games_2.png"
2016-11-27T16:03:49.624Z - info: File was existed in "E:\Work_House\Hack\gc\server\res\img_games_9.png"
2016-11-27T16:03:49.638Z - info: File was existed in "E:\Work_House\Hack\gc\server\res\img_games_c_15.png"
2016-11-27T16:03:49.639Z - info: File was existed in "E:\Work_House\Hack\gc\server\res\img_games_c_12.png"
2016-11-27T16:03:49.651Z - info: File was existed in "E:\Work_House\Hack\gc\server\res\img_games_17.png"
2016-11-27T16:03:49.654Z - info: File was existed in "E:\Work_House\Hack\gc\server\res\img_games_c_10.png"
2016-11-27T16:03:49.659Z - info: File was existed in "E:\Work_House\Hack\gc\server\res\img_games_16.png"
2016-11-27T16:03:51.483Z - info: File was existed in "E:\Work_House\Hack\gc\server\res\img_btn_back.png"
2016-11-27T16:03:51.497Z - info: File was existed in "E:\Work_House\Hack\gc\server\res\img_mode_0.png"
2016-11-27T16:03:51.505Z - info: File was existed in "E:\Work_House\Hack\gc\server\res\img_mode_1.png"
2016-11-27T16:03:51.516Z - info: File was existed in "E:\Work_House\Hack\gc\server\res\img_mode_2.png"
2016-11-27T16:03:55.578Z - info: File was existed in "E:\Work_House\Hack\gc\server\res\btn_game_play.png"
2016-11-27T16:03:55.590Z - info: File was existed in "E:\Work_House\Hack\gc\server\res\btn_game_play_p.png"
2016-11-27T16:03:56.604Z - info: File was existed in "E:\Work_House\Hack\gc\server\res\room_coin.png"
2016-11-27T16:04:03.942Z - info: File was existed in "E:\Work_House\Hack\gc\server\res\img_btn_setting.png"
2016-11-27T16:04:03.952Z - info: File was existed in "E:\Work_House\Hack\gc\server\res\icon_soundon.png"
2016-11-27T16:04:03.962Z - info: File was existed in "E:\Work_House\Hack\gc\server\res\icon_rule.png"
2016-11-27T16:04:03.972Z - info: File was existed in "E:\Work_House\Hack\gc\server\res\img_btn_chat.png"
2016-11-27T16:04:03.984Z - info: File was existed in "E:\Work_House\Hack\gc\server\res\img_table_bg_tcc_2.png"
2016-11-27T16:04:04.001Z - info: File was existed in "E:\Work_House\Hack\gc\server\res\btn_game_info.png"
2016-11-27T16:04:04.003Z - info: File was existed in "E:\Work_House\Hack\gc\server\res\btn_game_bottom.png"
2016-11-27T16:04:04.013Z - info: File was existed in "E:\Work_House\Hack\gc\server\res\box_bet_tcc.png"
2016-11-27T16:04:04.021Z - info: File was existed in "E:\Work_House\Hack\gc\server\res\btn_tcc_choose1.png"
2016-11-27T16:04:04.025Z - info: File was existed in "E:\Work_House\Hack\gc\server\res\img_blank_bet_money_tcc.png"
2016-11-27T16:04:04.037Z - info: File was existed in "E:\Work_House\Hack\gc\server\res\img_process_bet_money_tcc.png"
2016-11-27T16:04:04.046Z - info: File was existed in "E:\Work_House\Hack\gc\server\res\img_light.png"
2016-11-27T16:59:53.469Z - info: Create folder "E:\Work_House\Hack\gc\server"
2016-11-27T16:59:54.298Z - info: File was downloaded from "http://s1.play.gemchip.com:8880/project.json" to "E:\Work_House\Hack\gc\server\project.json"
2016-11-27T16:59:56.842Z - info: Create folder "E:\Work_House\Hack\gc\server\res"
2016-11-27T16:59:56.856Z - info: File was existed in "E:\Work_House\Hack\gc\server\res\font.fnt"
2016-11-27T16:59:56.861Z - info: Create folder "E:\Work_House\Hack\gc\server\res"
2016-11-27T16:59:56.968Z - info: Create folder "E:\Work_House\Hack\gc\server\res"
2016-11-27T16:59:57.401Z - info: File was downloaded from "http://s1.play.gemchip.com:8880/res/font_score_1.fnt" to "E:\Work_House\Hack\gc\server\res\font_score_1.fnt"
2016-11-27T16:59:57.424Z - info: File was downloaded from "http://s1.play.gemchip.com:8880/res/font_score_2.fnt" to "E:\Work_House\Hack\gc\server\res\font_score_2.fnt"
2016-11-27T16:59:57.563Z - info: File was downloaded from "http://s1.play.gemchip.com:8880/res/font-result.fnt" to "E:\Work_House\Hack\gc\server\res\font-result.fnt"
2016-11-27T17:00:27.513Z - info: File was existed in "E:\Work_House\Hack\gc\server\project.json"
2016-11-27T17:00:29.264Z - info: File was existed in "E:\Work_House\Hack\gc\server\res\font_score_1.fnt"
2016-11-27T17:00:29.272Z - info: File was existed in "E:\Work_House\Hack\gc\server\res\font.fnt"
2016-11-27T17:00:29.278Z - info: File was existed in "E:\Work_House\Hack\gc\server\res\font_score_2.fnt"
2016-11-27T17:00:29.286Z - info: File was existed in "E:\Work_House\Hack\gc\server\res\font-result.fnt"
2016-11-27T17:14:50.619Z - info: Create folder "E:\Work_House\Hack\gc\server\res"
2016-11-27T17:14:50.628Z - info: File was existed in "E:\Work_House\Hack\gc\server\res\snd_join_table2.mp3"
2016-11-27T17:14:51.235Z - info: File was downloaded from "http://s1.play.gemchip.com:8880/res/snd_join_table2.mp3" to "E:\Work_House\Hack\gc\server\res\snd_join_table2.mp3"
2016-11-27T17:14:53.262Z - info: Create folder "E:\Work_House\Hack\gc\server\res"
2016-11-27T17:14:53.794Z - info: File was downloaded from "http://s1.play.gemchip.com:8880/res/snd_ready.mp3" to "E:\Work_House\Hack\gc\server\res\snd_ready.mp3"
2016-11-27T17:14:54.250Z - info: File was existed in "E:\Work_House\Hack\gc\server\res\snd_ready.mp3"
2016-11-27T17:15:13.246Z - info: Create folder "E:\Work_House\Hack\gc\server\res"
2016-11-27T17:15:13.389Z - info: File was existed in "E:\Work_House\Hack\gc\server\res\snd_xoc_dia.mp3"
2016-11-27T17:15:13.613Z - info: File was existed in "E:\Work_House\Hack\gc\server\res\snd_xoc_dia.mp3"
2016-11-27T17:15:13.777Z - info: File was existed in "E:\Work_House\Hack\gc\server\res\snd_xoc_dia.mp3"
2016-11-27T17:15:14.007Z - info: File was downloaded from "http://s1.play.gemchip.com:8880/res/snd_xoc_dia.mp3" to "E:\Work_House\Hack\gc\server\res\snd_xoc_dia.mp3"
2016-11-27T17:15:14.187Z - info: File was existed in "E:\Work_House\Hack\gc\server\res\snd_xoc_dia.mp3"
2016-11-27T17:15:42.559Z - info: Create folder "E:\Work_House\Hack\gc\server\res"
2016-11-27T17:15:43.081Z - info: File was downloaded from "http://s1.play.gemchip.com:8880/res/snd_leaveboard.mp3" to "E:\Work_House\Hack\gc\server\res\snd_leaveboard.mp3"
2016-11-27T17:26:00.063Z - info: File was existed in "E:\Work_House\Hack\gc\server\project.json"
2016-11-27T17:26:01.829Z - info: File was existed in "E:\Work_House\Hack\gc\server\res\font_score_1.fnt"
2016-11-27T17:26:01.852Z - info: File was existed in "E:\Work_House\Hack\gc\server\res\font.fnt"
2016-11-27T17:26:01.867Z - info: File was existed in "E:\Work_House\Hack\gc\server\res\font_score_2.fnt"
2016-11-27T17:26:01.874Z - info: File was existed in "E:\Work_House\Hack\gc\server\res\font-result.fnt"
2016-11-28T06:48:23.085Z - info: File was existed in "E:\workspace\gc\server\project.json"
2016-11-28T06:48:23.705Z - info: File was existed in "E:\workspace\gc\server\res\font_score_1.fnt"
2016-11-28T06:48:23.709Z - info: File was existed in "E:\workspace\gc\server\res\font.fnt"
2016-11-28T06:48:23.711Z - info: File was existed in "E:\workspace\gc\server\res\font_score_2.fnt"
2016-11-28T06:48:23.714Z - info: File was existed in "E:\workspace\gc\server\res\font-result.fnt"
2016-11-28T06:56:59.853Z - info: File was existed in "E:\workspace\gc\server\project.json"
2016-11-28T06:57:00.629Z - info: File was existed in "E:\workspace\gc\server\res\font_score_1.fnt"
2016-11-28T06:57:00.632Z - info: File was existed in "E:\workspace\gc\server\res\font.fnt"
2016-11-28T06:57:00.632Z - info: File was existed in "E:\workspace\gc\server\res\font_score_2.fnt"
2016-11-28T06:57:00.633Z - info: File was existed in "E:\workspace\gc\server\res\font-result.fnt"
2016-11-28T07:35:36.787Z - info: File was existed in "E:\workspace\gc\server\project.json"
2016-11-28T08:29:02.281Z - info: File was existed in "E:\workspace\gc\server\project.json"
2016-11-28T08:29:02.933Z - info: File was existed in "E:\workspace\gc\server\res\font_score_1.fnt"
2016-11-28T08:29:02.934Z - info: File was existed in "E:\workspace\gc\server\res\font.fnt"
2016-11-28T08:29:02.936Z - info: File was existed in "E:\workspace\gc\server\res\font_score_2.fnt"
2016-11-28T08:29:02.936Z - info: File was existed in "E:\workspace\gc\server\res\font-result.fnt"
2016-11-28T08:34:48.313Z - info: File was existed in "E:\workspace\gc\server\project.json"
2016-11-28T08:34:49.038Z - info: File was existed in "E:\workspace\gc\server\res\font_score_1.fnt"
2016-11-28T08:34:49.040Z - info: File was existed in "E:\workspace\gc\server\res\font.fnt"
2016-11-28T08:34:49.051Z - info: File was existed in "E:\workspace\gc\server\res\font_score_2.fnt"
2016-11-28T08:34:49.053Z - info: File was existed in "E:\workspace\gc\server\res\font-result.fnt"
2016-11-28T08:36:18.597Z - info: File was existed in "E:\workspace\gc\server\project.json"
2016-11-28T08:36:19.334Z - info: File was existed in "E:\workspace\gc\server\res\font_score_1.fnt"
2016-11-28T08:36:19.337Z - info: File was existed in "E:\workspace\gc\server\res\font.fnt"
2016-11-28T08:36:19.345Z - info: File was existed in "E:\workspace\gc\server\res\font_score_2.fnt"
2016-11-28T08:36:19.349Z - info: File was existed in "E:\workspace\gc\server\res\font-result.fnt"
2016-11-28T08:38:44.267Z - info: File was existed in "E:\workspace\gc\server\project.json"
2016-11-28T08:38:45.044Z - info: File was existed in "E:\workspace\gc\server\res\font_score_1.fnt"
2016-11-28T08:38:45.047Z - info: File was existed in "E:\workspace\gc\server\res\font.fnt"
2016-11-28T08:38:45.048Z - info: File was existed in "E:\workspace\gc\server\res\font_score_2.fnt"
2016-11-28T08:38:45.048Z - info: File was existed in "E:\workspace\gc\server\res\font-result.fnt"
2016-11-28T08:42:11.364Z - info: File was existed in "E:\workspace\gc\server\project.json"
2016-11-28T08:42:12.107Z - info: File was existed in "E:\workspace\gc\server\res\font_score_1.fnt"
2016-11-28T08:42:12.109Z - info: File was existed in "E:\workspace\gc\server\res\font.fnt"
2016-11-28T08:42:12.112Z - info: File was existed in "E:\workspace\gc\server\res\font_score_2.fnt"
2016-11-28T08:42:12.123Z - info: File was existed in "E:\workspace\gc\server\res\font-result.fnt"
2016-11-28T08:43:41.921Z - info: File was existed in "E:\workspace\gc\server\project.json"
2016-11-28T08:43:42.435Z - info: File was existed in "E:\workspace\gc\server\res\font-result.fnt"
2016-11-28T08:43:42.447Z - info: File was existed in "E:\workspace\gc\server\res\font_score_1.fnt"
2016-11-28T08:43:42.460Z - info: File was existed in "E:\workspace\gc\server\res\font.fnt"
2016-11-28T08:43:42.467Z - info: File was existed in "E:\workspace\gc\server\res\font_score_2.fnt"
2016-11-28T08:43:52.947Z - info: File was existed in "E:\workspace\gc\server\project.json"
2016-11-28T08:43:53.691Z - info: File was existed in "E:\workspace\gc\server\res\font_score_1.fnt"
2016-11-28T08:43:53.694Z - info: File was existed in "E:\workspace\gc\server\res\font.fnt"
2016-11-28T08:43:53.696Z - info: File was existed in "E:\workspace\gc\server\res\font_score_2.fnt"
2016-11-28T08:43:53.704Z - info: File was existed in "E:\workspace\gc\server\res\font-result.fnt"
2016-11-28T08:44:52.299Z - info: File was existed in "E:\workspace\gc\server\res\snd_join_table2.mp3"
2016-11-28T08:44:52.301Z - info: File was existed in "E:\workspace\gc\server\res\snd_join_table2.mp3"
2016-11-28T08:44:58.999Z - info: File was existed in "E:\workspace\gc\server\res\snd_leaveboard.mp3"
2016-11-28T08:45:00.018Z - info: Create folder "E:\workspace\gc\server\res"
2016-11-28T08:45:00.303Z - info: File was downloaded from "http://s1.play.gemchip.com:8880/res/snd_alert_bets.mp3" to "E:\workspace\gc\server\res\snd_alert_bets.mp3"
2016-11-28T08:45:04.431Z - info: File was existed in "E:\workspace\gc\server\res\snd_ready.mp3"
2016-11-28T08:45:05.137Z - info: File was existed in "E:\workspace\gc\server\res\snd_xoc_dia.mp3"
2016-11-28T08:48:57.944Z - info: File was existed in "E:\workspace\gc\server\project.json"
2016-11-28T08:48:58.558Z - info: File was existed in "E:\workspace\gc\server\res\font_score_1.fnt"
2016-11-28T08:48:58.560Z - info: File was existed in "E:\workspace\gc\server\res\font.fnt"
2016-11-28T08:48:58.565Z - info: File was existed in "E:\workspace\gc\server\res\font_score_2.fnt"
2016-11-28T08:48:58.572Z - info: File was existed in "E:\workspace\gc\server\res\font-result.fnt"
2016-11-28T10:10:30.052Z - info: File was existed in "E:\workspace\gc\server\project.json"
2016-11-28T10:10:30.679Z - info: File was existed in "E:\workspace\gc\server\res\font_score_1.fnt"
2016-11-28T10:10:30.682Z - info: File was existed in "E:\workspace\gc\server\res\font.fnt"
2016-11-28T10:10:30.689Z - info: File was existed in "E:\workspace\gc\server\res\font_score_2.fnt"
2016-11-28T10:10:30.691Z - info: File was existed in "E:\workspace\gc\server\res\font-result.fnt"
2016-11-28T10:10:45.936Z - info: File was existed in "E:\workspace\gc\server\res\snd_join_table2.mp3"
2016-11-28T10:10:45.940Z - info: File was existed in "E:\workspace\gc\server\res\snd_join_table2.mp3"
2016-11-28T10:11:02.790Z - info: File was existed in "E:\workspace\gc\server\res\snd_ready.mp3"
2016-11-28T10:11:07.156Z - info: File was existed in "E:\workspace\gc\server\res\snd_xoc_dia.mp3"
2016-11-28T10:12:05.743Z - info: File was existed in "E:\workspace\gc\server\res\snd_leaveboard.mp3"
2016-11-28T10:42:00.708Z - info: File was existed in "E:\workspace\gc\server\project.json"
2016-11-28T10:42:01.431Z - info: File was existed in "E:\workspace\gc\server\res\font_score_1.fnt"
2016-11-28T10:42:01.434Z - info: File was existed in "E:\workspace\gc\server\res\font.fnt"
2016-11-28T10:42:01.438Z - info: File was existed in "E:\workspace\gc\server\res\font_score_2.fnt"
2016-11-28T10:42:01.440Z - info: File was existed in "E:\workspace\gc\server\res\font-result.fnt"
2016-11-28T10:42:50.529Z - info: File was existed in "E:\workspace\gc\server\project.json"
2016-11-28T10:42:51.263Z - info: File was existed in "E:\workspace\gc\server\res\font_score_1.fnt"
2016-11-28T10:42:51.269Z - info: File was existed in "E:\workspace\gc\server\res\font.fnt"
2016-11-28T10:42:51.270Z - info: File was existed in "E:\workspace\gc\server\res\font_score_2.fnt"
2016-11-28T10:42:51.270Z - info: File was existed in "E:\workspace\gc\server\res\font-result.fnt"
2016-11-28T10:43:09.711Z - info: File was existed in "E:\workspace\gc\server\project.json"
2016-11-28T10:43:10.493Z - info: File was existed in "E:\workspace\gc\server\res\font_score_1.fnt"
2016-11-28T10:43:10.499Z - info: File was existed in "E:\workspace\gc\server\res\font.fnt"
2016-11-28T10:43:10.499Z - info: File was existed in "E:\workspace\gc\server\res\font_score_2.fnt"
2016-11-28T10:43:10.501Z - info: File was existed in "E:\workspace\gc\server\res\font-result.fnt"
2016-11-28T14:27:26.207Z - info: File was existed in "E:\Work_House\Hack\gc\server\project.json"
2016-11-28T14:27:27.594Z - info: File was existed in "E:\Work_House\Hack\gc\server\res\font_score_1.fnt"
2016-11-28T14:27:27.603Z - info: File was existed in "E:\Work_House\Hack\gc\server\res\font.fnt"
2016-11-28T14:27:27.609Z - info: File was existed in "E:\Work_House\Hack\gc\server\res\font_score_2.fnt"
2016-11-28T14:27:27.610Z - info: File was existed in "E:\Work_House\Hack\gc\server\res\font-result.fnt"
2016-11-28T14:30:52.404Z - info: File was existed in "E:\Work_House\Hack\gc\server\project.json"
2016-11-28T14:30:53.698Z - info: File was existed in "E:\Work_House\Hack\gc\server\res\font_score_1.fnt"
2016-11-28T14:30:53.710Z - info: File was existed in "E:\Work_House\Hack\gc\server\res\font.fnt"
2016-11-28T14:30:53.720Z - info: File was existed in "E:\Work_House\Hack\gc\server\res\font_score_2.fnt"
2016-11-28T14:30:53.736Z - info: File was existed in "E:\Work_House\Hack\gc\server\res\font-result.fnt"
2016-11-28T14:31:23.327Z - info: File was existed in "E:\Work_House\Hack\gc\server\project.json"
2016-11-28T14:31:24.799Z - info: File was existed in "E:\Work_House\Hack\gc\server\res\font_score_1.fnt"
2016-11-28T14:31:24.811Z - info: File was existed in "E:\Work_House\Hack\gc\server\res\font.fnt"
2016-11-28T14:31:24.823Z - info: File was existed in "E:\Work_House\Hack\gc\server\res\font_score_2.fnt"
2016-11-28T14:31:24.836Z - info: File was existed in "E:\Work_House\Hack\gc\server\res\font-result.fnt"
2016-11-28T14:33:57.616Z - info: File was existed in "E:\Work_House\Hack\gc\server\project.json"
2016-11-28T14:33:58.737Z - info: File was existed in "E:\Work_House\Hack\gc\server\res\font_score_1.fnt"
2016-11-28T14:33:58.747Z - info: File was existed in "E:\Work_House\Hack\gc\server\res\font.fnt"
2016-11-28T14:33:58.755Z - info: File was existed in "E:\Work_House\Hack\gc\server\res\font_score_2.fnt"
2016-11-28T14:33:58.756Z - info: File was existed in "E:\Work_House\Hack\gc\server\res\font-result.fnt"
2016-11-28T14:34:17.368Z - info: File was existed in "E:\Work_House\Hack\gc\server\project.json"
2016-11-28T14:34:18.857Z - info: File was existed in "E:\Work_House\Hack\gc\server\res\font_score_1.fnt"
2016-11-28T14:34:18.873Z - info: File was existed in "E:\Work_House\Hack\gc\server\res\font.fnt"
2016-11-28T14:34:18.890Z - info: File was existed in "E:\Work_House\Hack\gc\server\res\font_score_2.fnt"
2016-11-28T14:34:18.896Z - info: File was existed in "E:\Work_House\Hack\gc\server\res\font-result.fnt"
2016-11-28T14:34:55.903Z - info: File was existed in "E:\Work_House\Hack\gc\server\project.json"
2016-11-28T14:34:57.196Z - info: File was existed in "E:\Work_House\Hack\gc\server\res\font_score_1.fnt"
2016-11-28T14:34:57.200Z - info: File was existed in "E:\Work_House\Hack\gc\server\res\font.fnt"
2016-11-28T14:34:57.212Z - info: File was existed in "E:\Work_House\Hack\gc\server\res\font_score_2.fnt"
2016-11-28T14:34:57.225Z - info: File was existed in "E:\Work_House\Hack\gc\server\res\font-result.fnt"
2016-11-28T14:35:38.269Z - info: File was existed in "E:\Work_House\Hack\gc\server\project.json"
2016-11-28T14:35:39.347Z - info: File was existed in "E:\Work_House\Hack\gc\server\res\font_score_1.fnt"
2016-11-28T14:35:39.350Z - info: File was existed in "E:\Work_House\Hack\gc\server\res\font.fnt"
2016-11-28T14:35:39.358Z - info: File was existed in "E:\Work_House\Hack\gc\server\res\font_score_2.fnt"
2016-11-28T14:35:39.368Z - info: File was existed in "E:\Work_House\Hack\gc\server\res\font-result.fnt"
2016-11-28T14:35:54.892Z - info: File was existed in "E:\Work_House\Hack\gc\server\project.json"
2016-11-28T14:35:56.227Z - info: File was existed in "E:\Work_House\Hack\gc\server\res\font_score_1.fnt"
2016-11-28T14:35:56.239Z - info: File was existed in "E:\Work_House\Hack\gc\server\res\font.fnt"
2016-11-28T14:35:56.257Z - info: File was existed in "E:\Work_House\Hack\gc\server\res\font_score_2.fnt"
2016-11-28T14:35:56.273Z - info: File was existed in "E:\Work_House\Hack\gc\server\res\font-result.fnt"
2016-11-28T14:37:03.195Z - info: File was existed in "E:\Work_House\Hack\gc\server\project.json"
2016-11-28T14:37:04.261Z - info: File was existed in "E:\Work_House\Hack\gc\server\res\font_score_1.fnt"
2016-11-28T14:37:04.280Z - info: File was existed in "E:\Work_House\Hack\gc\server\res\font.fnt"
2016-11-28T14:37:04.284Z - info: File was existed in "E:\Work_House\Hack\gc\server\res\font_score_2.fnt"
2016-11-28T14:37:04.325Z - info: File was existed in "E:\Work_House\Hack\gc\server\res\font-result.fnt"
2016-11-28T14:46:35.592Z - info: File was existed in "E:\Work_House\Hack\gc\server\project.json"
2016-11-28T14:46:37.635Z - info: File was existed in "E:\Work_House\Hack\gc\server\res\font_score_1.fnt"
2016-11-28T14:46:37.652Z - info: File was existed in "E:\Work_House\Hack\gc\server\res\font.fnt"
2016-11-28T14:46:37.667Z - info: File was existed in "E:\Work_House\Hack\gc\server\res\font_score_2.fnt"
2016-11-28T14:46:37.679Z - info: File was existed in "E:\Work_House\Hack\gc\server\res\font-result.fnt"
2016-11-28T14:46:59.185Z - info: File was existed in "E:\Work_House\Hack\gc\server\project.json"
2016-11-28T14:47:00.029Z - info: File was existed in "E:\Work_House\Hack\gc\server\res\font_score_1.fnt"
2016-11-28T14:47:00.034Z - info: File was existed in "E:\Work_House\Hack\gc\server\res\font.fnt"
2016-11-28T14:47:00.046Z - info: File was existed in "E:\Work_House\Hack\gc\server\res\font_score_2.fnt"
2016-11-28T14:47:00.065Z - info: File was existed in "E:\Work_House\Hack\gc\server\res\font-result.fnt"
2016-11-28T14:51:09.053Z - info: File was existed in "E:\Work_House\Hack\gc\server\project.json"
2016-11-28T14:51:09.775Z - info: File was existed in "E:\Work_House\Hack\gc\server\res\font_score_1.fnt"
2016-11-28T14:51:09.786Z - info: File was existed in "E:\Work_House\Hack\gc\server\res\font.fnt"
2016-11-28T14:51:09.801Z - info: File was existed in "E:\Work_House\Hack\gc\server\res\font_score_2.fnt"
2016-11-28T14:51:09.822Z - info: File was existed in "E:\Work_House\Hack\gc\server\res\font-result.fnt"
2016-11-28T15:07:39.061Z - info: File was existed in "E:\Work_House\Hack\gc\server\project.json"
2016-11-28T15:07:40.345Z - info: File was existed in "E:\Work_House\Hack\gc\server\res\font_score_1.fnt"
2016-11-28T15:07:40.355Z - info: File was existed in "E:\Work_House\Hack\gc\server\res\font.fnt"
2016-11-28T15:07:40.372Z - info: File was existed in "E:\Work_House\Hack\gc\server\res\font_score_2.fnt"
2016-11-28T15:07:40.385Z - info: File was existed in "E:\Work_House\Hack\gc\server\res\font-result.fnt"
2016-11-28T17:31:40.577Z - info: File was existed in "E:\Work_House\Hack\gc\server\project.json"
2016-11-28T17:31:42.302Z - info: File was existed in "E:\Work_House\Hack\gc\server\res\font_score_1.fnt"
2016-11-28T17:31:42.323Z - info: File was existed in "E:\Work_House\Hack\gc\server\res\font.fnt"
2016-11-28T17:31:42.362Z - info: File was existed in "E:\Work_House\Hack\gc\server\res\font_score_2.fnt"
2016-11-28T17:31:42.372Z - info: File was existed in "E:\Work_House\Hack\gc\server\res\font-result.fnt"
2016-11-29T03:59:11.222Z - info: File was existed in "E:\workspace\gc\server\project.json"
2016-11-29T03:59:11.938Z - info: File was existed in "E:\workspace\gc\server\res\font_score_1.fnt"
2016-11-29T03:59:11.939Z - info: File was existed in "E:\workspace\gc\server\res\font.fnt"
2016-11-29T03:59:11.939Z - info: File was existed in "E:\workspace\gc\server\res\font_score_2.fnt"
2016-11-29T03:59:11.939Z - info: File was existed in "E:\workspace\gc\server\res\font-result.fnt"
2016-11-29T04:00:33.862Z - info: File was existed in "E:\workspace\gc\server\res\snd_join_table2.mp3"
2016-11-29T04:00:33.865Z - info: File was existed in "E:\workspace\gc\server\res\snd_join_table2.mp3"
2016-11-29T04:00:52.788Z - info: File was existed in "E:\workspace\gc\server\res\snd_ready.mp3"
2016-11-29T04:00:55.624Z - info: File was existed in "E:\workspace\gc\server\res\snd_xoc_dia.mp3"
2016-11-29T04:01:24.558Z - info: File was existed in "E:\workspace\gc\server\res\snd_alert_bets.mp3"
2016-11-29T04:02:28.606Z - info: File was existed in "E:\workspace\gc\server\res\snd_leaveboard.mp3"
2016-12-01T14:08:54.901Z - info: File was existed in "E:\Work_House\Hack\gc\server\project.json"
2016-12-01T14:08:56.620Z - info: File was existed in "E:\Work_House\Hack\gc\server\res\font_score_1.fnt"
2016-12-01T14:08:56.633Z - info: File was existed in "E:\Work_House\Hack\gc\server\res\font.fnt"
2016-12-01T14:08:56.636Z - info: File was existed in "E:\Work_House\Hack\gc\server\res\font_score_2.fnt"
2016-12-01T14:08:56.649Z - info: File was existed in "E:\Work_House\Hack\gc\server\res\font-result.fnt"
2016-12-01T14:13:20.515Z - info: File was existed in "E:\Work_House\Hack\gc\server\project.json"
2016-12-01T14:13:22.491Z - info: File was existed in "E:\Work_House\Hack\gc\server\res\font_score_1.fnt"
2016-12-01T14:13:22.499Z - info: File was existed in "E:\Work_House\Hack\gc\server\res\font.fnt"
2016-12-01T14:13:22.500Z - info: File was existed in "E:\Work_House\Hack\gc\server\res\font_score_2.fnt"
2016-12-01T14:13:22.502Z - info: File was existed in "E:\Work_House\Hack\gc\server\res\font-result.fnt"
2016-12-01T14:13:35.048Z - info: File was existed in "E:\Work_House\Hack\gc\server\project.json"
2016-12-01T14:13:36.516Z - info: File was existed in "E:\Work_House\Hack\gc\server\res\font_score_1.fnt"
2016-12-01T14:13:36.541Z - info: File was existed in "E:\Work_House\Hack\gc\server\res\font.fnt"
2016-12-01T14:13:36.548Z - info: File was existed in "E:\Work_House\Hack\gc\server\res\font-result.fnt"
2016-12-01T14:13:36.551Z - info: File was existed in "E:\Work_House\Hack\gc\server\res\font_score_2.fnt"
2016-12-01T14:19:49.898Z - info: File was existed in "E:\Work_House\Hack\gc\server\project.json"
2016-12-01T14:19:51.751Z - info: File was existed in "E:\Work_House\Hack\gc\server\res\font_score_1.fnt"
2016-12-01T14:19:51.766Z - info: File was existed in "E:\Work_House\Hack\gc\server\res\font.fnt"
2016-12-01T14:19:51.776Z - info: File was existed in "E:\Work_House\Hack\gc\server\res\font_score_2.fnt"
2016-12-01T14:19:51.787Z - info: File was existed in "E:\Work_House\Hack\gc\server\res\font-result.fnt"
2016-12-01T14:22:19.329Z - info: File was existed in "E:\Work_House\Hack\gc\server\project.json"
2016-12-01T14:22:21.396Z - info: File was existed in "E:\Work_House\Hack\gc\server\res\font_score_1.fnt"
2016-12-01T14:22:21.406Z - info: File was existed in "E:\Work_House\Hack\gc\server\res\font.fnt"
2016-12-01T14:22:21.412Z - info: File was existed in "E:\Work_House\Hack\gc\server\res\font_score_2.fnt"
2016-12-01T14:22:21.420Z - info: File was existed in "E:\Work_House\Hack\gc\server\res\font-result.fnt"
2016-12-01T14:26:01.848Z - info: File was existed in "E:\Work_House\Hack\gc\server\project.json"
2016-12-01T14:26:03.823Z - info: File was existed in "E:\Work_House\Hack\gc\server\res\font_score_1.fnt"
2016-12-01T14:26:03.833Z - info: File was existed in "E:\Work_House\Hack\gc\server\res\font.fnt"
2016-12-01T14:26:03.855Z - info: File was existed in "E:\Work_House\Hack\gc\server\res\font_score_2.fnt"
2016-12-01T14:26:03.860Z - info: File was existed in "E:\Work_House\Hack\gc\server\res\font-result.fnt"
2016-12-01T14:27:19.063Z - info: File was existed in "E:\Work_House\Hack\gc\server\res\snd_join_table2.mp3"
2016-12-01T14:27:20.354Z - info: File was existed in "E:\Work_House\Hack\gc\server\res\snd_join_table2.mp3"
2016-12-01T14:27:38.004Z - info: File was existed in "E:\Work_House\Hack\gc\server\res\snd_leaveboard.mp3"
2016-12-01T14:27:38.762Z - info: File was existed in "E:\Work_House\Hack\gc\server\res\snd_ready.mp3"
2016-12-01T14:27:50.961Z - info: File was existed in "E:\Work_House\Hack\gc\server\res\snd_xoc_dia.mp3"
2016-12-01T14:27:51.111Z - info: File was existed in "E:\Work_House\Hack\gc\server\res\snd_xoc_dia.mp3"
2016-12-01T14:33:30.315Z - info: File was existed in "E:\Work_House\Hack\gc\server\project.json"
2016-12-01T14:33:32.222Z - info: File was existed in "E:\Work_House\Hack\gc\server\res\font_score_1.fnt"
2016-12-01T14:33:32.235Z - info: File was existed in "E:\Work_House\Hack\gc\server\res\font.fnt"
2016-12-01T14:33:32.245Z - info: File was existed in "E:\Work_House\Hack\gc\server\res\font_score_2.fnt"
2016-12-01T14:33:32.255Z - info: File was existed in "E:\Work_House\Hack\gc\server\res\font-result.fnt"
2016-12-01T14:39:11.518Z - info: File was existed in "E:\Work_House\Hack\gc\server\project.json"
2016-12-01T14:39:13.142Z - info: File was existed in "E:\Work_House\Hack\gc\server\res\font_score_1.fnt"
2016-12-01T14:39:13.148Z - info: File was existed in "E:\Work_House\Hack\gc\server\res\font.fnt"
2016-12-01T14:39:13.158Z - info: File was existed in "E:\Work_House\Hack\gc\server\res\font_score_2.fnt"
2016-12-01T14:39:13.182Z - info: File was existed in "E:\Work_House\Hack\gc\server\res\font-result.fnt"
2016-12-01T14:40:16.857Z - info: File was existed in "E:\Work_House\Hack\gc\server\project.json"
2016-12-01T14:40:18.636Z - info: File was existed in "E:\Work_House\Hack\gc\server\res\font_score_1.fnt"
2016-12-01T14:40:18.648Z - info: File was existed in "E:\Work_House\Hack\gc\server\res\font.fnt"
2016-12-01T14:40:18.664Z - info: File was existed in "E:\Work_House\Hack\gc\server\res\font_score_2.fnt"
2016-12-01T14:40:18.674Z - info: File was existed in "E:\Work_House\Hack\gc\server\res\font-result.fnt"
2016-12-01T14:41:41.162Z - info: File was existed in "E:\Work_House\Hack\gc\server\project.json"
2016-12-01T14:41:43.237Z - info: File was existed in "E:\Work_House\Hack\gc\server\res\font_score_1.fnt"
2016-12-01T14:41:43.249Z - info: File was existed in "E:\Work_House\Hack\gc\server\res\font.fnt"
2016-12-01T14:41:43.259Z - info: File was existed in "E:\Work_House\Hack\gc\server\res\font_score_2.fnt"
2016-12-01T14:41:43.313Z - info: File was existed in "E:\Work_House\Hack\gc\server\res\font-result.fnt"
2016-12-01T14:46:08.131Z - info: File was existed in "E:\Work_House\Hack\gc\server\project.json"
2016-12-01T14:46:09.343Z - info: File was existed in "E:\Work_House\Hack\gc\server\res\font_score_1.fnt"
2016-12-01T14:46:09.357Z - info: File was existed in "E:\Work_House\Hack\gc\server\res\font.fnt"
2016-12-01T14:46:09.359Z - info: File was existed in "E:\Work_House\Hack\gc\server\res\font_score_2.fnt"
2016-12-01T14:46:09.368Z - info: File was existed in "E:\Work_House\Hack\gc\server\res\font-result.fnt"
2016-12-01T15:28:07.009Z - info: File was existed in "E:\Work_House\Hack\gc\server\project.json"
2016-12-01T15:28:08.522Z - info: File was existed in "E:\Work_House\Hack\gc\server\res\font_score_1.fnt"
2016-12-01T15:28:08.536Z - info: File was existed in "E:\Work_House\Hack\gc\server\res\font.fnt"
2016-12-01T15:28:08.563Z - info: File was existed in "E:\Work_House\Hack\gc\server\res\font_score_2.fnt"
2016-12-01T15:28:08.564Z - info: File was existed in "E:\Work_House\Hack\gc\server\res\font-result.fnt"
2016-12-01T15:39:27.141Z - info: File was existed in "E:\Work_House\Hack\gc\server\project.json"
2016-12-01T15:39:28.690Z - info: File was existed in "E:\Work_House\Hack\gc\server\res\font_score_1.fnt"
2016-12-01T15:39:28.721Z - info: File was existed in "E:\Work_House\Hack\gc\server\res\font.fnt"
2016-12-01T15:39:28.726Z - info: File was existed in "E:\Work_House\Hack\gc\server\res\font_score_2.fnt"
2016-12-01T15:39:28.744Z - info: File was existed in "E:\Work_House\Hack\gc\server\res\font-result.fnt"
2016-12-01T15:59:08.249Z - info: File was existed in "E:\Work_House\Hack\gc\server\project.json"
2016-12-01T15:59:10.924Z - info: File was existed in "E:\Work_House\Hack\gc\server\res\font_score_1.fnt"
2016-12-01T15:59:10.935Z - info: File was existed in "E:\Work_House\Hack\gc\server\res\font.fnt"
2016-12-01T15:59:10.952Z - info: File was existed in "E:\Work_House\Hack\gc\server\res\font_score_2.fnt"
2016-12-01T15:59:10.968Z - info: File was existed in "E:\Work_House\Hack\gc\server\res\font-result.fnt"
